<?xml version="1.0" encoding="UTF-8"?>
<!-- Generated by org.testng.reporters.JUnitXMLReporter -->
<testsuite ignored="0" hostname="DESKTOP-H425LRN" failures="0" tests="3" name="Chrome" time="49.736" errors="0" timestamp="2022-07-01T13:05:29 EDT">
  <testcase classname="com.mystore.testCases.IndexPageTest" name="verifyLogo" time="0.721"/>
  <testcase classname="com.mystore.testCases.IndexPageTest" name="verifyLogo" time="0.481"/>
  <testcase classname="com.mystore.testCases.IndexPageTest" name="verifyTitle" time="0.045"/>
</testsuite> <!-- Chrome -->
